{
"contracts\\Lottery.sol":{"l":{"64":3,"65":3,"66":3,"67":3,"68":3,"69":3,"70":3,"74":7,"78":8,"82":6,"83":1,"85":5,"86":1,"88":4,"90":4,"104":0,"105":0,"106":0,"107":0,"108":0,"109":0,"110":0,"111":0,"112":0,"114":0,"118":3,"119":3,"120":3,"121":3,"122":3,"123":3,"127":1,"128":1,"129":0,"131":1,"132":1,"139":1,"143":1,"149":0,"152":2,"156":0,"160":0,"164":0,"168":0},"path":"C:\\Users\\user\\OneDrive\\Desktop\\BlockChain\\hardhat-lottery\\contracts\\Lottery.sol","s":{"1":3,"2":3,"3":3,"4":3,"5":3,"6":3,"7":3,"8":7,"9":8,"10":6,"11":5,"12":4,"13":4,"14":0,"15":0,"16":0,"17":0,"18":0,"19":0,"20":0,"21":0,"22":0,"23":3,"24":3,"25":3,"26":3,"27":3,"28":3,"29":1,"30":1,"31":1,"32":1,"33":1,"34":1,"35":0,"36":2,"37":0,"38":0,"39":0,"40":0},"b":{"1":[1,5],"2":[1,4],"3":[0,0],"4":[0,1]},"f":{"1":3,"2":7,"3":8,"4":6,"5":0,"6":0,"7":3,"8":1,"9":1,"10":0,"11":0,"12":2,"13":0,"14":0,"15":0,"16":0},"fnMap":{"1":{"name":"constructor","line":63,"loc":{"start":{"line":56,"column":2},"end":{"line":71,"column":2}}},"2":{"name":"getEnterenceFee","line":73,"loc":{"start":{"line":73,"column":2},"end":{"line":75,"column":2}}},"3":{"name":"getInterval","line":77,"loc":{"start":{"line":77,"column":2},"end":{"line":79,"column":2}}},"4":{"name":"enterLottery","line":81,"loc":{"start":{"line":81,"column":2},"end":{"line":91,"column":2}}},"5":{"name":"pickRandomWinner","line":94,"loc":{"start":{"line":94,"column":2},"end":{"line":97,"column":2}}},"6":{"name":"fulfillRandomWords","line":99,"loc":{"start":{"line":99,"column":2},"end":{"line":115,"column":2}}},"7":{"name":"checkUpkeep","line":117,"loc":{"start":{"line":117,"column":2},"end":{"line":124,"column":2}}},"8":{"name":"performUpkeep","line":126,"loc":{"start":{"line":126,"column":2},"end":{"line":140,"column":2}}},"9":{"name":"getPlayer","line":142,"loc":{"start":{"line":142,"column":2},"end":{"line":144,"column":4}}},"10":{"name":"announceRandomWinner","line":146,"loc":{"start":{"line":146,"column":2},"end":{"line":146,"column":42}}},"11":{"name":"getRecentWinner","line":148,"loc":{"start":{"line":148,"column":2},"end":{"line":150,"column":2}}},"12":{"name":"getLotteryState","line":151,"loc":{"start":{"line":151,"column":2},"end":{"line":153,"column":2}}},"13":{"name":"getNumWord","line":155,"loc":{"start":{"line":155,"column":2},"end":{"line":157,"column":2}}},"14":{"name":"getNumberOfPlayers","line":159,"loc":{"start":{"line":159,"column":2},"end":{"line":161,"column":2}}},"15":{"name":"getLatestTimeStamp","line":163,"loc":{"start":{"line":163,"column":2},"end":{"line":165,"column":2}}},"16":{"name":"getRequestConformations","line":167,"loc":{"start":{"line":167,"column":2},"end":{"line":169,"column":2}}}},"statementMap":{"1":{"start":{"line":64,"column":4},"end":{"line":64,"column":30}},"2":{"start":{"line":65,"column":4},"end":{"line":65,"column":65}},"3":{"start":{"line":66,"column":4},"end":{"line":66,"column":22}},"4":{"start":{"line":67,"column":4},"end":{"line":67,"column":36}},"5":{"start":{"line":68,"column":4},"end":{"line":68,"column":40}},"6":{"start":{"line":69,"column":4},"end":{"line":69,"column":37}},"7":{"start":{"line":70,"column":4},"end":{"line":70,"column":24}},"8":{"start":{"line":74,"column":4},"end":{"line":74,"column":24}},"9":{"start":{"line":78,"column":4},"end":{"line":78,"column":21}},"10":{"start":{"line":82,"column":4},"end":{"line":82,"column":2352}},"11":{"start":{"line":85,"column":4},"end":{"line":85,"column":2443}},"12":{"start":{"line":88,"column":4},"end":{"line":88,"column":38}},"13":{"start":{"line":90,"column":4},"end":{"line":90,"column":33}},"14":{"start":{"line":104,"column":4},"end":{"line":104,"column":61}},"15":{"start":{"line":105,"column":4},"end":{"line":105,"column":59}},"16":{"start":{"line":106,"column":4},"end":{"line":106,"column":32}},"17":{"start":{"line":107,"column":4},"end":{"line":107,"column":37}},"18":{"start":{"line":108,"column":4},"end":{"line":108,"column":39}},"19":{"start":{"line":109,"column":4},"end":{"line":109,"column":36}},"20":{"start":{"line":110,"column":4},"end":{"line":110,"column":74}},"21":{"start":{"line":111,"column":4},"end":{"line":111,"column":3319}},"22":{"start":{"line":114,"column":4},"end":{"line":114,"column":35}},"23":{"start":{"line":118,"column":4},"end":{"line":118,"column":55}},"24":{"start":{"line":119,"column":4},"end":{"line":119,"column":75}},"25":{"start":{"line":120,"column":4},"end":{"line":120,"column":45}},"26":{"start":{"line":121,"column":4},"end":{"line":121,"column":47}},"27":{"start":{"line":122,"column":4},"end":{"line":122,"column":69}},"28":{"start":{"line":123,"column":4},"end":{"line":123,"column":32}},"29":{"start":{"line":127,"column":4},"end":{"line":127,"column":43}},"30":{"start":{"line":128,"column":4},"end":{"line":128,"column":4042}},"31":{"start":{"line":131,"column":4},"end":{"line":131,"column":44}},"32":{"start":{"line":132,"column":4},"end":{"line":132,"column":4233}},"33":{"start":{"line":139,"column":4},"end":{"line":139,"column":42}},"34":{"start":{"line":143,"column":4},"end":{"line":143,"column":27}},"35":{"start":{"line":149,"column":4},"end":{"line":149,"column":25}},"36":{"start":{"line":152,"column":4},"end":{"line":152,"column":25}},"37":{"start":{"line":156,"column":4},"end":{"line":156,"column":20}},"38":{"start":{"line":160,"column":4},"end":{"line":160,"column":27}},"39":{"start":{"line":164,"column":4},"end":{"line":164,"column":26}},"40":{"start":{"line":168,"column":4},"end":{"line":168,"column":32}}},"branchMap":{"1":{"line":82,"type":"if","locations":[{"start":{"line":82,"column":4},"end":{"line":82,"column":4}},{"start":{"line":82,"column":4},"end":{"line":82,"column":4}}]},"2":{"line":85,"type":"if","locations":[{"start":{"line":85,"column":4},"end":{"line":85,"column":4}},{"start":{"line":85,"column":4},"end":{"line":85,"column":4}}]},"3":{"line":111,"type":"if","locations":[{"start":{"line":111,"column":4},"end":{"line":111,"column":4}},{"start":{"line":111,"column":4},"end":{"line":111,"column":4}}]},"4":{"line":128,"type":"if","locations":[{"start":{"line":128,"column":4},"end":{"line":128,"column":4}},{"start":{"line":128,"column":4},"end":{"line":128,"column":4}}]}}},
"contracts\\VRFCoordinatorV2.sol":{"l":{},"path":"C:\\Users\\user\\OneDrive\\Desktop\\BlockChain\\hardhat-lottery\\contracts\\VRFCoordinatorV2.sol","s":{},"b":{},"f":{},"fnMap":{},"statementMap":{},"branchMap":{}}}
