TN:
SF:C:\Users\user\OneDrive\Desktop\BlockChain\hardhat-lottery\contracts\Lottery.sol
FN:63,constructor
FN:73,getEnterenceFee
FN:77,getInterval
FN:81,enterLottery
FN:94,pickRandomWinner
FN:99,fulfillRandomWords
FN:117,checkUpkeep
FN:126,performUpkeep
FN:142,getPlayer
FN:146,announceRandomWinner
FN:148,getRecentWinner
FN:151,getLotteryState
FN:155,getNumWord
FN:159,getNumberOfPlayers
FN:163,getLatestTimeStamp
FN:167,getRequestConformations
FNF:16
FNH:8
FNDA:3,constructor
FNDA:7,getEnterenceFee
FNDA:8,getInterval
FNDA:6,enterLottery
FNDA:0,pickRandomWinner
FNDA:0,fulfillRandomWords
FNDA:3,checkUpkeep
FNDA:1,performUpkeep
FNDA:1,getPlayer
FNDA:0,announceRandomWinner
FNDA:0,getRecentWinner
FNDA:2,getLotteryState
FNDA:0,getNumWord
FNDA:0,getNumberOfPlayers
FNDA:0,getLatestTimeStamp
FNDA:0,getRequestConformations
DA:64,3
DA:65,3
DA:66,3
DA:67,3
DA:68,3
DA:69,3
DA:70,3
DA:74,7
DA:78,8
DA:82,6
DA:83,1
DA:85,5
DA:86,1
DA:88,4
DA:90,4
DA:104,0
DA:105,0
DA:106,0
DA:107,0
DA:108,0
DA:109,0
DA:110,0
DA:111,0
DA:112,0
DA:114,0
DA:118,3
DA:119,3
DA:120,3
DA:121,3
DA:122,3
DA:123,3
DA:127,1
DA:128,1
DA:129,0
DA:131,1
DA:132,1
DA:139,1
DA:143,1
DA:149,0
DA:152,2
DA:156,0
DA:160,0
DA:164,0
DA:168,0
LF:44
LH:28
BRDA:82,1,0,1
BRDA:82,1,1,5
BRDA:85,2,0,1
BRDA:85,2,1,4
BRDA:111,3,0,0
BRDA:111,3,1,0
BRDA:128,4,0,0
BRDA:128,4,1,1
BRF:8
BRH:5
end_of_record
TN:
SF:C:\Users\user\OneDrive\Desktop\BlockChain\hardhat-lottery\contracts\VRFCoordinatorV2.sol
FNF:0
FNH:0
LF:0
LH:0
BRF:0
BRH:0
end_of_record
